[29-Jul-2025 11:41:16 Europe/Berlin] PHP Fatal error:  Uncaught Error: Failed opening required 'C:\xampp\htdocs\complaint_portal\includes/csrf_guard.php' (include_path='C:\xampp\php\PEAR') in C:\xampp\htdocs\complaint_portal\includes\config.php:50
Stack trace:
#0 C:\xampp\htdocs\complaint_portal\install.php(84): include()
#1 {main}
  thrown in C:\xampp\htdocs\complaint_portal\includes\config.php on line 50
[29-Jul-2025 11:41:19 Europe/Berlin] PHP Fatal error:  Uncaught Error: Failed opening required 'C:\xampp\htdocs\complaint_portal\includes/csrf_guard.php' (include_path='C:\xampp\php\PEAR') in C:\xampp\htdocs\complaint_portal\includes\config.php:50
Stack trace:
#0 C:\xampp\htdocs\complaint_portal\install.php(84): include()
#1 {main}
  thrown in C:\xampp\htdocs\complaint_portal\includes\config.php on line 50
[29-Jul-2025 11:41:30 Europe/Berlin] PHP Fatal error:  Uncaught Error: Failed opening required 'C:\xampp\htdocs\complaint_portal\includes/csrf_guard.php' (include_path='C:\xampp\php\PEAR') in C:\xampp\htdocs\complaint_portal\includes\config.php:50
Stack trace:
#0 C:\xampp\htdocs\complaint_portal\install.php(84): include()
#1 {main}
  thrown in C:\xampp\htdocs\complaint_portal\includes\config.php on line 50
[29-Jul-2025 11:42:39 Europe/Berlin] PHP Fatal error:  Uncaught Error: Failed opening required 'C:\xampp\htdocs\complaint_portal\includes/csrf_guard.php' (include_path='C:\xampp\php\PEAR') in C:\xampp\htdocs\complaint_portal\includes\config.php:50
Stack trace:
#0 C:\xampp\htdocs\complaint_portal\install.php(84): include()
#1 {main}
  thrown in C:\xampp\htdocs\complaint_portal\includes\config.php on line 50
[29-Jul-2025 11:42:40 Europe/Berlin] PHP Fatal error:  Uncaught Error: Failed opening required 'C:\xampp\htdocs\complaint_portal\includes/csrf_guard.php' (include_path='C:\xampp\php\PEAR') in C:\xampp\htdocs\complaint_portal\includes\config.php:50
Stack trace:
#0 C:\xampp\htdocs\complaint_portal\install.php(84): include()
#1 {main}
  thrown in C:\xampp\htdocs\complaint_portal\includes\config.php on line 50
[29-Jul-2025 11:42:40 Europe/Berlin] PHP Fatal error:  Uncaught Error: Failed opening required 'C:\xampp\htdocs\complaint_portal\includes/csrf_guard.php' (include_path='C:\xampp\php\PEAR') in C:\xampp\htdocs\complaint_portal\includes\config.php:50
Stack trace:
#0 C:\xampp\htdocs\complaint_portal\install.php(84): include()
#1 {main}
  thrown in C:\xampp\htdocs\complaint_portal\includes\config.php on line 50
[29-Jul-2025 11:42:41 Europe/Berlin] PHP Fatal error:  Uncaught Error: Failed opening required 'C:\xampp\htdocs\complaint_portal\includes/csrf_guard.php' (include_path='C:\xampp\php\PEAR') in C:\xampp\htdocs\complaint_portal\includes\config.php:50
Stack trace:
#0 C:\xampp\htdocs\complaint_portal\install.php(84): include()
#1 {main}
  thrown in C:\xampp\htdocs\complaint_portal\includes\config.php on line 50
[29-Jul-2025 11:42:52 Europe/Berlin] PHP Fatal error:  Uncaught Error: Failed opening required 'C:\xampp\htdocs\complaint_portal\includes/csrf_guard.php' (include_path='C:\xampp\php\PEAR') in C:\xampp\htdocs\complaint_portal\includes\config.php:50
Stack trace:
#0 C:\xampp\htdocs\complaint_portal\install.php(84): include()
#1 {main}
  thrown in C:\xampp\htdocs\complaint_portal\includes\config.php on line 50
[29-Jul-2025 11:42:52 Europe/Berlin] PHP Fatal error:  Uncaught Error: Failed opening required 'C:\xampp\htdocs\complaint_portal\includes/csrf_guard.php' (include_path='C:\xampp\php\PEAR') in C:\xampp\htdocs\complaint_portal\includes\config.php:50
Stack trace:
#0 C:\xampp\htdocs\complaint_portal\install.php(84): include()
#1 {main}
  thrown in C:\xampp\htdocs\complaint_portal\includes\config.php on line 50
[29-Jul-2025 11:42:53 Europe/Berlin] PHP Fatal error:  Uncaught Error: Failed opening required 'C:\xampp\htdocs\complaint_portal\includes/csrf_guard.php' (include_path='C:\xampp\php\PEAR') in C:\xampp\htdocs\complaint_portal\includes\config.php:50
Stack trace:
#0 C:\xampp\htdocs\complaint_portal\install.php(84): include()
#1 {main}
  thrown in C:\xampp\htdocs\complaint_portal\includes\config.php on line 50
[29-Jul-2025 11:42:53 Europe/Berlin] PHP Fatal error:  Uncaught Error: Failed opening required 'C:\xampp\htdocs\complaint_portal\includes/csrf_guard.php' (include_path='C:\xampp\php\PEAR') in C:\xampp\htdocs\complaint_portal\includes\config.php:50
Stack trace:
#0 C:\xampp\htdocs\complaint_portal\install.php(84): include()
#1 {main}
  thrown in C:\xampp\htdocs\complaint_portal\includes\config.php on line 50
[29-Jul-2025 11:42:54 Europe/Berlin] PHP Fatal error:  Uncaught Error: Failed opening required 'C:\xampp\htdocs\complaint_portal\includes/csrf_guard.php' (include_path='C:\xampp\php\PEAR') in C:\xampp\htdocs\complaint_portal\includes\config.php:50
Stack trace:
#0 C:\xampp\htdocs\complaint_portal\install.php(84): include()
#1 {main}
  thrown in C:\xampp\htdocs\complaint_portal\includes\config.php on line 50
[29-Jul-2025 11:42:54 Europe/Berlin] PHP Fatal error:  Uncaught Error: Failed opening required 'C:\xampp\htdocs\complaint_portal\includes/csrf_guard.php' (include_path='C:\xampp\php\PEAR') in C:\xampp\htdocs\complaint_portal\includes\config.php:50
Stack trace:
#0 C:\xampp\htdocs\complaint_portal\install.php(84): include()
#1 {main}
  thrown in C:\xampp\htdocs\complaint_portal\includes\config.php on line 50
[29-Jul-2025 11:42:54 Europe/Berlin] PHP Fatal error:  Uncaught Error: Failed opening required 'C:\xampp\htdocs\complaint_portal\includes/csrf_guard.php' (include_path='C:\xampp\php\PEAR') in C:\xampp\htdocs\complaint_portal\includes\config.php:50
Stack trace:
#0 C:\xampp\htdocs\complaint_portal\install.php(84): include()
#1 {main}
  thrown in C:\xampp\htdocs\complaint_portal\includes\config.php on line 50
[29-Jul-2025 11:42:55 Europe/Berlin] PHP Fatal error:  Uncaught Error: Failed opening required 'C:\xampp\htdocs\complaint_portal\includes/csrf_guard.php' (include_path='C:\xampp\php\PEAR') in C:\xampp\htdocs\complaint_portal\includes\config.php:50
Stack trace:
#0 C:\xampp\htdocs\complaint_portal\install.php(84): include()
#1 {main}
  thrown in C:\xampp\htdocs\complaint_portal\includes\config.php on line 50
[29-Jul-2025 11:44:58 Europe/Berlin] PHP Fatal error:  Uncaught Error: Failed opening required 'C:\xampp\htdocs\complaint_portal\includes/csrf_guard.php' (include_path='C:\xampp\php\PEAR') in C:\xampp\htdocs\complaint_portal\includes\config.php:50
Stack trace:
#0 C:\xampp\htdocs\complaint_portal\install.php(84): include()
#1 {main}
  thrown in C:\xampp\htdocs\complaint_portal\includes\config.php on line 50
[29-Jul-2025 11:45:03 Europe/Berlin] PHP Fatal error:  Uncaught Error: Failed opening required 'C:\xampp\htdocs\complaint_portal\includes/csrf_guard.php' (include_path='C:\xampp\php\PEAR') in C:\xampp\htdocs\complaint_portal\includes\config.php:50
Stack trace:
#0 C:\xampp\htdocs\complaint_portal\install.php(84): include()
#1 {main}
  thrown in C:\xampp\htdocs\complaint_portal\includes\config.php on line 50
[29-Jul-2025 11:45:04 Europe/Berlin] PHP Fatal error:  Uncaught Error: Failed opening required 'C:\xampp\htdocs\complaint_portal\includes/csrf_guard.php' (include_path='C:\xampp\php\PEAR') in C:\xampp\htdocs\complaint_portal\includes\config.php:50
Stack trace:
#0 C:\xampp\htdocs\complaint_portal\install.php(84): include()
#1 {main}
  thrown in C:\xampp\htdocs\complaint_portal\includes\config.php on line 50
[29-Jul-2025 11:45:04 Europe/Berlin] PHP Fatal error:  Uncaught Error: Failed opening required 'C:\xampp\htdocs\complaint_portal\includes/csrf_guard.php' (include_path='C:\xampp\php\PEAR') in C:\xampp\htdocs\complaint_portal\includes\config.php:50
Stack trace:
#0 C:\xampp\htdocs\complaint_portal\install.php(84): include()
#1 {main}
  thrown in C:\xampp\htdocs\complaint_portal\includes\config.php on line 50
[29-Jul-2025 11:45:05 Europe/Berlin] PHP Fatal error:  Uncaught Error: Failed opening required 'C:\xampp\htdocs\complaint_portal\includes/csrf_guard.php' (include_path='C:\xampp\php\PEAR') in C:\xampp\htdocs\complaint_portal\includes\config.php:50
Stack trace:
#0 C:\xampp\htdocs\complaint_portal\install.php(84): include()
#1 {main}
  thrown in C:\xampp\htdocs\complaint_portal\includes\config.php on line 50
[29-Jul-2025 11:45:05 Europe/Berlin] PHP Fatal error:  Uncaught Error: Failed opening required 'C:\xampp\htdocs\complaint_portal\includes/csrf_guard.php' (include_path='C:\xampp\php\PEAR') in C:\xampp\htdocs\complaint_portal\includes\config.php:50
Stack trace:
#0 C:\xampp\htdocs\complaint_portal\install.php(84): include()
#1 {main}
  thrown in C:\xampp\htdocs\complaint_portal\includes\config.php on line 50
[29-Jul-2025 11:45:05 Europe/Berlin] PHP Fatal error:  Uncaught Error: Failed opening required 'C:\xampp\htdocs\complaint_portal\includes/csrf_guard.php' (include_path='C:\xampp\php\PEAR') in C:\xampp\htdocs\complaint_portal\includes\config.php:50
Stack trace:
#0 C:\xampp\htdocs\complaint_portal\install.php(84): include()
#1 {main}
  thrown in C:\xampp\htdocs\complaint_portal\includes\config.php on line 50
[29-Jul-2025 11:46:58 Europe/Berlin] PHP Fatal error:  Uncaught Error: Failed opening required 'C:\xampp\htdocs\complaint_portal\includes/csrf_guard.php' (include_path='C:\xampp\php\PEAR') in C:\xampp\htdocs\complaint_portal\includes\config.php:50
Stack trace:
#0 C:\xampp\htdocs\complaint_portal\install.php(84): include()
#1 {main}
  thrown in C:\xampp\htdocs\complaint_portal\includes\config.php on line 50
[29-Jul-2025 11:49:16 Europe/Berlin] PHP Fatal error:  Uncaught Error: Failed opening required 'C:\xampp\htdocs\complaint_portal\includes/csrf_guard.php' (include_path='C:\xampp\php\PEAR') in C:\xampp\htdocs\complaint_portal\includes\config.php:50
Stack trace:
#0 C:\xampp\htdocs\complaint_portal\install.php(84): include()
#1 {main}
  thrown in C:\xampp\htdocs\complaint_portal\includes\config.php on line 50
